<?xml version="1.0" encoding="UTF-8"?>
<!-- Generated by org.testng.reporters.JUnitReportReporter -->
<testsuite hostname="Macbooks-MacBook-Pro.local" failures="0" tests="5" name="pages.HomePageTest" time="39.645" errors="0" timestamp="2024-02-22T11:55:14 EST" skipped="3">
  <testcase classname="pages.HomePageTest" name="SignInAccount" time="15.842"/>
  <testcase classname="pages.HomePageTest" name="SignIncreateAccount" time="23.803"/>
  <testcase classname="pages.HomePageTest" name="sinInButton">
    <skipped/>
  </testcase> <!-- sinInButton -->
  <testcase classname="pages.HomePageTest" name="searchField">
    <skipped/>
  </testcase> <!-- searchField -->
  <testcase classname="pages.HomePageTest" name="logoElement">
    <skipped/>
  </testcase> <!-- logoElement -->
</testsuite> <!-- pages.HomePageTest -->
