<?xml version="1.0" encoding="UTF-8"?>
<!-- Generated by org.testng.reporters.JUnitReportReporter -->
<testsuite hostname="Macbooks-MacBook-Pro.local" failures="0" tests="1" name="base.BaseClass" time="16.896" errors="0" timestamp="2024-02-14T12:29:13 EST" skipped="0">
  <testcase classname="base.BaseClass" name="setUp" time="16.896"/>
</testsuite> <!-- base.BaseClass -->
